15:25:04.355 [main] INFO  org.testng.internal.Utils - [TestNG] Running:
  C:\workspace\sept-20\OpencartV123\MaterTestng.xml

15:25:13.234 [main] INFO  TestCase.TC002_LoginTest - *****Started login test******
15:25:14.167 [main] INFO  TestCase.TC002_LoginTest - ****enter credentials to login page***
15:25:18.817 [main] INFO  TestCase.TC002_LoginTest - **verify if myaccount page is displayed***
12:48:00.464 [main] INFO  org.testng.internal.Utils - [TestNG] Running:
  C:\workspace\sept-20\OpencartV123\MaterTestng.xml

12:48:21.759 [main] INFO  TestCase.TC003_LoginTestDDT - *****Started login test******
12:48:22.897 [main] INFO  TestCase.TC003_LoginTestDDT - ****enter credentials to login page***
12:48:23.014 [main] INFO  TestCase.TC003_LoginTestDDT - *****Started login test******
12:48:23.654 [main] INFO  TestCase.TC003_LoginTestDDT - ****enter credentials to login page***
12:48:23.724 [main] INFO  TestCase.TC003_LoginTestDDT - *****Started login test******
12:48:24.165 [main] INFO  TestCase.TC003_LoginTestDDT - ****enter credentials to login page***
12:48:24.223 [main] INFO  TestCase.TC003_LoginTestDDT - *****Started login test******
12:48:24.774 [main] INFO  TestCase.TC003_LoginTestDDT - ****enter credentials to login page***
12:48:24.838 [main] INFO  TestCase.TC003_LoginTestDDT - *****Started login test******
12:48:25.398 [main] INFO  TestCase.TC003_LoginTestDDT - ****enter credentials to login page***
12:54:56.685 [main] INFO  org.testng.internal.Utils - [TestNG] Running:
  C:\workspace\sept-20\OpencartV123\MaterTestng.xml

12:55:08.575 [main] INFO  TestCase.TC003_LoginTestDDT - *****Started login test******
12:55:09.270 [main] INFO  TestCase.TC003_LoginTestDDT - ****enter credentials to login page***
12:55:09.351 [main] INFO  TestCase.TC003_LoginTestDDT - *****Started login test******
12:55:10.330 [main] INFO  TestCase.TC003_LoginTestDDT - ****enter credentials to login page***
12:55:10.396 [main] INFO  TestCase.TC003_LoginTestDDT - *****Started login test******
12:55:12.472 [main] INFO  TestCase.TC003_LoginTestDDT - ****enter credentials to login page***
12:55:12.521 [main] INFO  TestCase.TC003_LoginTestDDT - *****Started login test******
12:55:13.409 [main] INFO  TestCase.TC003_LoginTestDDT - ****enter credentials to login page***
12:55:13.475 [main] INFO  TestCase.TC003_LoginTestDDT - *****Started login test******
12:55:14.489 [main] INFO  TestCase.TC003_LoginTestDDT - ****enter credentials to login page***
12:56:19.667 [main] INFO  org.testng.internal.Utils - [TestNG] Running:
  C:\workspace\sept-20\OpencartV123\MaterTestng.xml

12:56:31.870 [main] INFO  TestCase.TC003_LoginTestDDT - *****Started login test******
12:56:32.800 [main] INFO  TestCase.TC003_LoginTestDDT - ****enter credentials to login page***
12:56:32.842 [main] INFO  TestCase.TC003_LoginTestDDT - *****Started login test******
12:56:33.407 [main] INFO  TestCase.TC003_LoginTestDDT - ****enter credentials to login page***
12:56:33.470 [main] INFO  TestCase.TC003_LoginTestDDT - *****Started login test******
12:56:34.183 [main] INFO  TestCase.TC003_LoginTestDDT - ****enter credentials to login page***
12:56:34.240 [main] INFO  TestCase.TC003_LoginTestDDT - *****Started login test******
12:56:34.999 [main] INFO  TestCase.TC003_LoginTestDDT - ****enter credentials to login page***
12:56:35.058 [main] INFO  TestCase.TC003_LoginTestDDT - *****Started login test******
12:56:35.815 [main] INFO  TestCase.TC003_LoginTestDDT - ****enter credentials to login page***
12:58:09.831 [main] INFO  org.testng.internal.Utils - [TestNG] Running:
  C:\workspace\sept-20\OpencartV123\MaterTestng.xml

12:58:21.635 [main] INFO  TestCase.TC003_LoginTestDDT - *****Started login test******
12:58:22.836 [main] INFO  TestCase.TC003_LoginTestDDT - ****enter credentials to login page***
12:58:33.625 [main] INFO  TestCase.TC003_LoginTestDDT - **verify if myaccount page is displayed***
12:58:34.427 [main] INFO  TestCase.TC003_LoginTestDDT - **finished***
12:58:34.439 [main] INFO  TestCase.TC003_LoginTestDDT - *****Started login test******
12:58:35.157 [main] INFO  TestCase.TC003_LoginTestDDT - ****enter credentials to login page***
12:58:45.870 [main] INFO  TestCase.TC003_LoginTestDDT - **verify if myaccount page is displayed***
12:58:51.046 [main] INFO  TestCase.TC003_LoginTestDDT - *****Started login test******
12:58:53.200 [main] INFO  TestCase.TC003_LoginTestDDT - ****enter credentials to login page***
12:59:04.114 [main] INFO  TestCase.TC003_LoginTestDDT - **verify if myaccount page is displayed***
12:59:05.521 [main] INFO  TestCase.TC003_LoginTestDDT - **finished***
12:59:05.536 [main] INFO  TestCase.TC003_LoginTestDDT - *****Started login test******
12:59:06.309 [main] INFO  TestCase.TC003_LoginTestDDT - ****enter credentials to login page***
12:59:17.432 [main] INFO  TestCase.TC003_LoginTestDDT - **verify if myaccount page is displayed***
12:59:22.499 [main] INFO  TestCase.TC003_LoginTestDDT - *****Started login test******
12:59:23.251 [main] INFO  TestCase.TC003_LoginTestDDT - ****enter credentials to login page***
12:59:33.776 [main] INFO  TestCase.TC003_LoginTestDDT - **verify if myaccount page is displayed***
12:59:38.833 [main] INFO  TestCase.TC003_LoginTestDDT - **finished***
13:01:35.689 [main] INFO  org.testng.internal.Utils - [TestNG] Running:
  C:\workspace\sept-20\OpencartV123\MaterTestng.xml

13:01:49.571 [main] INFO  TestCase.TC003_LoginTestDDT - *****Started login test******
13:01:50.388 [main] INFO  TestCase.TC003_LoginTestDDT - ****enter credentials to login page***
13:02:02.085 [main] INFO  TestCase.TC003_LoginTestDDT - **verify if myaccount page is displayed***
13:02:02.226 [main] INFO  TestCase.TC003_LoginTestDDT - *****Started login test******
13:02:02.281 [main] INFO  TestCase.TC003_LoginTestDDT - *****Started login test******
13:02:02.321 [main] INFO  TestCase.TC003_LoginTestDDT - *****Started login test******
13:02:02.357 [main] INFO  TestCase.TC003_LoginTestDDT - *****Started login test******
13:02:40.874 [main] INFO  org.testng.internal.Utils - [TestNG] Running:
  C:\workspace\sept-20\OpencartV123\MaterTestng.xml

13:02:54.398 [main] INFO  TestCase.TC003_LoginTestDDT - *****Started login test******
13:02:55.137 [main] INFO  TestCase.TC003_LoginTestDDT - ****enter credentials to login page***
13:02:59.568 [main] INFO  TestCase.TC003_LoginTestDDT - **verify if myaccount page is displayed***
13:03:00.463 [main] INFO  TestCase.TC003_LoginTestDDT - **finished***
13:03:00.482 [main] INFO  TestCase.TC003_LoginTestDDT - *****Started login test******
13:03:01.502 [main] INFO  TestCase.TC003_LoginTestDDT - ****enter credentials to login page***
13:03:05.905 [main] INFO  TestCase.TC003_LoginTestDDT - **verify if myaccount page is displayed***
13:03:11.011 [main] INFO  TestCase.TC003_LoginTestDDT - **finished***
13:03:11.027 [main] INFO  TestCase.TC003_LoginTestDDT - *****Started login test******
13:03:11.732 [main] INFO  TestCase.TC003_LoginTestDDT - ****enter credentials to login page***
13:03:16.511 [main] INFO  TestCase.TC003_LoginTestDDT - **verify if myaccount page is displayed***
13:03:17.308 [main] INFO  TestCase.TC003_LoginTestDDT - **finished***
13:03:17.320 [main] INFO  TestCase.TC003_LoginTestDDT - *****Started login test******
13:03:18.384 [main] INFO  TestCase.TC003_LoginTestDDT - ****enter credentials to login page***
13:03:22.900 [main] INFO  TestCase.TC003_LoginTestDDT - **verify if myaccount page is displayed***
13:03:27.951 [main] INFO  TestCase.TC003_LoginTestDDT - **finished***
13:03:27.967 [main] INFO  TestCase.TC003_LoginTestDDT - *****Started login test******
13:03:28.710 [main] INFO  TestCase.TC003_LoginTestDDT - ****enter credentials to login page***
13:03:33.138 [main] INFO  TestCase.TC003_LoginTestDDT - **verify if myaccount page is displayed***
13:03:38.222 [main] INFO  TestCase.TC003_LoginTestDDT - **finished***
13:05:19.060 [main] INFO  org.testng.internal.Utils - [TestNG] Running:
  C:\workspace\sept-20\OpencartV123\MaterTestng.xml

13:05:30.076 [main] INFO  TestCase.TC003_LoginTestDDT - *****Started login test******
13:05:31.059 [main] INFO  TestCase.TC003_LoginTestDDT - ****enter credentials to login page***
13:05:35.806 [main] INFO  TestCase.TC003_LoginTestDDT - **verify if myaccount page is displayed***
13:05:36.730 [main] INFO  TestCase.TC003_LoginTestDDT - **finished***
13:05:36.745 [main] INFO  TestCase.TC003_LoginTestDDT - *****Started login test******
13:05:37.399 [main] INFO  TestCase.TC003_LoginTestDDT - ****enter credentials to login page***
13:05:41.754 [main] INFO  TestCase.TC003_LoginTestDDT - **verify if myaccount page is displayed***
13:05:46.864 [main] INFO  TestCase.TC003_LoginTestDDT - **finished***
13:05:46.880 [main] INFO  TestCase.TC003_LoginTestDDT - *****Started login test******
13:05:47.594 [main] INFO  TestCase.TC003_LoginTestDDT - ****enter credentials to login page***
13:05:52.353 [main] INFO  TestCase.TC003_LoginTestDDT - **verify if myaccount page is displayed***
13:05:53.054 [main] INFO  TestCase.TC003_LoginTestDDT - **finished***
13:05:53.066 [main] INFO  TestCase.TC003_LoginTestDDT - *****Started login test******
13:05:54.143 [main] INFO  TestCase.TC003_LoginTestDDT - ****enter credentials to login page***
13:05:59.399 [main] INFO  TestCase.TC003_LoginTestDDT - **verify if myaccount page is displayed***
13:06:04.434 [main] INFO  TestCase.TC003_LoginTestDDT - **finished***
13:06:04.446 [main] INFO  TestCase.TC003_LoginTestDDT - *****Started login test******
13:06:05.205 [main] INFO  TestCase.TC003_LoginTestDDT - ****enter credentials to login page***
13:06:09.504 [main] INFO  TestCase.TC003_LoginTestDDT - **verify if myaccount page is displayed***
13:06:14.535 [main] INFO  TestCase.TC003_LoginTestDDT - **finished***
15:28:37.995 [main] INFO  org.testng.internal.Utils - [TestNG] Running:
  C:\workspace\sept-20\OpencartV123\MaterTestng.xml

15:29:00.402 [main] INFO  TestCase.TC003_LoginTestDDT - *****Started login test******
15:29:01.586 [main] INFO  TestCase.TC003_LoginTestDDT - ****enter credentials to login page***
15:29:06.302 [main] INFO  TestCase.TC003_LoginTestDDT - **verify if myaccount page is displayed***
15:29:07.307 [main] INFO  TestCase.TC003_LoginTestDDT - **finished***
15:29:07.505 [main] INFO  TestCase.TC003_LoginTestDDT - *****Started login test******
15:29:08.290 [main] INFO  TestCase.TC003_LoginTestDDT - ****enter credentials to login page***
15:29:12.358 [main] INFO  TestCase.TC003_LoginTestDDT - **verify if myaccount page is displayed***
15:29:17.501 [main] INFO  TestCase.TC003_LoginTestDDT - **finished***
15:29:17.516 [main] INFO  TestCase.TC003_LoginTestDDT - *****Started login test******
15:29:18.254 [main] INFO  TestCase.TC003_LoginTestDDT - ****enter credentials to login page***
15:29:23.156 [main] INFO  TestCase.TC003_LoginTestDDT - **verify if myaccount page is displayed***
15:29:23.756 [main] INFO  TestCase.TC003_LoginTestDDT - **finished***
15:29:23.766 [main] INFO  TestCase.TC003_LoginTestDDT - *****Started login test******
15:29:24.608 [main] INFO  TestCase.TC003_LoginTestDDT - ****enter credentials to login page***
15:29:28.632 [main] INFO  TestCase.TC003_LoginTestDDT - **verify if myaccount page is displayed***
15:29:33.692 [main] INFO  TestCase.TC003_LoginTestDDT - **finished***
15:29:33.708 [main] INFO  TestCase.TC003_LoginTestDDT - *****Started login test******
15:29:34.216 [main] INFO  TestCase.TC003_LoginTestDDT - ****enter credentials to login page***
15:29:38.568 [main] INFO  TestCase.TC003_LoginTestDDT - **verify if myaccount page is displayed***
15:29:43.623 [main] INFO  TestCase.TC003_LoginTestDDT - **finished***
15:35:24.547 [main] INFO  org.testng.internal.Utils - [TestNG] Running:
  C:\workspace\sept-20\OpencartV123\MaterTestng.xml

15:35:32.497 [main] INFO  TestCase.TC002_LoginTest - *****Started login test******
15:35:33.238 [main] INFO  TestCase.TC002_LoginTest - ****enter credentials to login page***
15:35:38.184 [main] INFO  TestCase.TC002_LoginTest - **verify if myaccount page is displayed***
15:37:41.288 [main] INFO  org.testng.internal.Utils - [TestNG] Running:
  C:\workspace\sept-20\OpencartV123\MaterTestng.xml

15:37:50.458 [main] INFO  TestCase.TC002_LoginTest - *****Started login test******
15:37:51.191 [main] INFO  TestCase.TC002_LoginTest - ****enter credentials to login page***
15:37:55.882 [main] INFO  TestCase.TC002_LoginTest - **verify if myaccount page is displayed***
15:49:22.592 [main] INFO  org.testng.internal.Utils - [TestNG] Running:
  C:\workspace\sept-20\OpencartV123\MaterTestng.xml

15:49:32.138 [main] INFO  TestCase.TC002_LoginTest - *****Started login test******
15:49:32.857 [main] INFO  TestCase.TC002_LoginTest - ****enter credentials to login page***
15:49:38.782 [main] INFO  TestCase.TC002_LoginTest - **verify if myaccount page is displayed***
15:54:55.663 [main] INFO  org.testng.internal.Utils - [TestNG] Running:
  C:\workspace\sept-20\OpencartV123\MaterTestng.xml

15:55:03.890 [main] INFO  TestCase.TC002_LoginTest - *****Started login test******
15:55:04.818 [main] INFO  TestCase.TC002_LoginTest - ****enter credentials to login page***
15:55:09.061 [main] INFO  TestCase.TC002_LoginTest - **verify if myaccount page is displayed***
15:58:02.576 [main] INFO  org.testng.internal.Utils - [TestNG] Running:
  C:\workspace\sept-20\OpencartV123\MaterTestng.xml

15:58:11.916 [main] INFO  TestCase.TC003_LoginTestDDT - *****Started login test******
15:58:12.520 [main] INFO  TestCase.TC003_LoginTestDDT - ****enter credentials to login page***
15:58:17.249 [main] INFO  TestCase.TC003_LoginTestDDT - **verify if myaccount page is displayed***
15:58:18.225 [main] INFO  TestCase.TC003_LoginTestDDT - **finished***
15:58:18.255 [main] INFO  TestCase.TC003_LoginTestDDT - *****Started login test******
15:58:18.970 [main] INFO  TestCase.TC003_LoginTestDDT - ****enter credentials to login page***
15:58:23.909 [main] INFO  TestCase.TC003_LoginTestDDT - **verify if myaccount page is displayed***
15:58:28.946 [main] INFO  TestCase.TC003_LoginTestDDT - **finished***
15:58:28.946 [main] INFO  TestCase.TC003_LoginTestDDT - *****Started login test******
15:58:29.727 [main] INFO  TestCase.TC003_LoginTestDDT - ****enter credentials to login page***
15:58:34.456 [main] INFO  TestCase.TC003_LoginTestDDT - **verify if myaccount page is displayed***
15:58:35.278 [main] INFO  TestCase.TC003_LoginTestDDT - **finished***
15:58:35.293 [main] INFO  TestCase.TC003_LoginTestDDT - *****Started login test******
15:58:35.996 [main] INFO  TestCase.TC003_LoginTestDDT - ****enter credentials to login page***
15:58:40.452 [main] INFO  TestCase.TC003_LoginTestDDT - **verify if myaccount page is displayed***
15:58:45.501 [main] INFO  TestCase.TC003_LoginTestDDT - **finished***
15:58:45.517 [main] INFO  TestCase.TC003_LoginTestDDT - *****Started login test******
15:58:46.222 [main] INFO  TestCase.TC003_LoginTestDDT - ****enter credentials to login page***
15:58:50.598 [main] INFO  TestCase.TC003_LoginTestDDT - **verify if myaccount page is displayed***
15:58:55.671 [main] INFO  TestCase.TC003_LoginTestDDT - **finished***
16:01:55.949 [main] INFO  org.testng.internal.Utils - [TestNG] Running:
  C:\workspace\sept-20\OpencartV123\MaterTestng.xml

16:02:04.163 [main] INFO  TestCase.TC002_LoginTest - *****Started login test******
16:02:04.875 [main] INFO  TestCase.TC002_LoginTest - ****enter credentials to login page***
16:02:09.090 [main] INFO  TestCase.TC002_LoginTest - **verify if myaccount page is displayed***
23:25:53.566 [main] INFO  org.testng.internal.Utils - [TestNG] Running:
  C:\workspace\sept-20\OpencartV123\Group_testng.xml

23:27:29.410 [main] INFO  org.testng.internal.Utils - [TestNG] Running:
  C:\workspace\sept-20\OpencartV123\Group_testng.xml

23:30:13.960 [main] INFO  org.testng.internal.Utils - [TestNG] Running:
  C:\workspace\sept-20\OpencartV123\MaterTestng.xml

23:30:29.032 [main] INFO  TestCase.TC002_LoginTest - *****Started login test******
23:30:29.726 [main] INFO  TestCase.TC002_LoginTest - ****enter credentials to login page***
23:30:34.356 [main] INFO  TestCase.TC002_LoginTest - **verify if myaccount page is displayed***
23:31:09.498 [main] INFO  org.testng.internal.Utils - [TestNG] Running:
  C:\workspace\sept-20\OpencartV123\Group_testng.xml

00:24:36.859 [main] INFO  org.testng.internal.Utils - [TestNG] Running:
  C:\workspace\sept-20\OpencartV123\Group_testng.xml

00:26:48.287 [main] INFO  org.testng.internal.Utils - [TestNG] Running:
  C:\workspace\sept-20\OpencartV123\Group_testng.xml

00:27:32.731 [main] INFO  org.testng.internal.Utils - [TestNG] Running:
  C:\workspace\sept-20\OpencartV123\Group_testng.xml

00:29:35.857 [main] INFO  org.testng.internal.Utils - [TestNG] Running:
  C:\workspace\sept-20\OpencartV123\Group_testng.xml

00:33:07.897 [main] INFO  org.testng.internal.Utils - [TestNG] Running:
  C:\workspace\sept-20\OpencartV123\Group_testng.xml

00:39:11.045 [main] INFO  org.testng.internal.Utils - [TestNG] Running:
  C:\workspace\sept-20\OpencartV123\Group_testng.xml

00:40:02.564 [main] INFO  org.testng.internal.Utils - [TestNG] Running:
  C:\workspace\sept-20\OpencartV123\Group_testng.xml

00:40:26.984 [main] INFO  TestCase.TC002_LoginTest - *****Started login test******
00:40:27.620 [main] INFO  TestCase.TC002_LoginTest - ****enter credentials to login page***
00:40:33.783 [main] INFO  TestCase.TC002_LoginTest - **verify if myaccount page is displayed***
00:41:31.309 [main] INFO  org.testng.internal.Utils - [TestNG] Running:
  C:\workspace\sept-20\OpencartV123\Group_testng.xml

00:41:40.253 [main] INFO  TestCase.TC001_AccountRegistrationTest - Clicked on my account link
00:41:41.401 [main] INFO  TestCase.TC001_AccountRegistrationTest - Clicked on Register link
00:41:41.401 [main] INFO  TestCase.TC001_AccountRegistrationTest - Providing customer details
00:41:42.914 [main] INFO  TestCase.TC001_AccountRegistrationTest - ****validating expected message*****
00:41:42.916 [main] INFO  TestCase.TC001_AccountRegistrationTest - *****the test is finnished*****
00:43:44.105 [main] INFO  org.testng.internal.Utils - [TestNG] Running:
  C:\workspace\sept-20\OpencartV123\test-output\testng-failed.xml

00:45:24.198 [main] INFO  org.testng.internal.Utils - [TestNG] Running:
  C:\workspace\sept-20\OpencartV123\test-output\testng-failed.xml

00:45:32.431 [main] INFO  TestCase.TC002_LoginTest - *****Started login test******
00:45:33.879 [main] INFO  TestCase.TC002_LoginTest - ****enter credentials to login page***
00:45:37.664 [main] INFO  TestCase.TC002_LoginTest - **verify if myaccount page is displayed***
13:06:45.624 [main] INFO  org.testng.internal.Utils - [TestNG] Running:
  C:\workspace\sept-20\OpencartV123\MaterTestng.xml

13:07:03.358 [main] INFO  TestCase.TC002_LoginTest - *****Started login test******
13:07:04.575 [main] INFO  TestCase.TC002_LoginTest - ****enter credentials to login page***
13:07:10.322 [main] INFO  TestCase.TC002_LoginTest - **verify if myaccount page is displayed***
13:08:40.585 [main] INFO  org.testng.internal.Utils - [TestNG] Running:
  C:\workspace\sept-20\OpencartV123\MaterTestng.xml

13:08:50.255 [main] INFO  TestCase.TC002_LoginTest - *****Started login test******
13:08:50.729 [main] INFO  TestCase.TC002_LoginTest - ****enter credentials to login page***
13:08:54.683 [main] INFO  TestCase.TC002_LoginTest - **verify if myaccount page is displayed***
13:10:37.305 [main] INFO  org.testng.internal.Utils - [TestNG] Running:
  C:\workspace\sept-20\OpencartV123\MaterTestng.xml

13:10:46.339 [main] INFO  TestCase.TC002_LoginTest - *****Started login test******
13:10:46.801 [main] INFO  TestCase.TC002_LoginTest - ****enter credentials to login page***
13:10:51.429 [main] INFO  TestCase.TC002_LoginTest - **verify if myaccount page is displayed***
13:13:13.317 [main] INFO  org.testng.internal.Utils - [TestNG] Running:
  C:\workspace\sept-20\OpencartV123\MaterTestng.xml

13:13:21.743 [main] INFO  TestCase.TC002_LoginTest - *****Started login test******
13:13:22.259 [main] INFO  TestCase.TC002_LoginTest - ****enter credentials to login page***
13:13:26.172 [main] INFO  TestCase.TC002_LoginTest - **verify if myaccount page is displayed***
13:16:10.146 [main] INFO  org.testng.internal.Utils - [TestNG] Running:
  C:\workspace\sept-20\OpencartV123\Parallel_testng.xml

13:16:17.066 [TestNG-tests-1] INFO  TestCase.TC001_AccountRegistrationTest - Clicked on my account link
13:16:17.757 [TestNG-tests-1] INFO  TestCase.TC001_AccountRegistrationTest - Clicked on Register link
13:16:17.757 [TestNG-tests-1] INFO  TestCase.TC001_AccountRegistrationTest - Providing customer details
13:16:20.195 [TestNG-tests-1] INFO  TestCase.TC001_AccountRegistrationTest - ****validating expected message*****
13:16:20.195 [TestNG-tests-1] INFO  TestCase.TC001_AccountRegistrationTest - *****the test is finnished*****
13:16:30.885 [TestNG-tests-2] INFO  TestCase.TC001_AccountRegistrationTest - Clicked on my account link
13:16:31.499 [TestNG-tests-2] INFO  TestCase.TC001_AccountRegistrationTest - Clicked on Register link
13:16:31.499 [TestNG-tests-2] INFO  TestCase.TC001_AccountRegistrationTest - Providing customer details
13:16:33.494 [TestNG-tests-2] INFO  TestCase.TC001_AccountRegistrationTest - ****validating expected message*****
13:16:33.494 [TestNG-tests-2] INFO  TestCase.TC001_AccountRegistrationTest - *****the test is finnished*****
